0 info it worked if it ends with ok
1 verbose cli [ '/usr/local/bin/node',
1 verbose cli   '/usr/local/bin/npm',
1 verbose cli   'run',
1 verbose cli   'codestyle' ]
2 info using npm@1.4.28
3 info using node@v0.10.32
4 verbose run-script [ 'precodestyle', 'codestyle', 'postcodestyle' ]
5 info precodestyle split-json@1.6.3
6 info codestyle split-json@1.6.3
7 verbose unsafe-perm in lifecycle true
8 info split-json@1.6.3 Failed to exec codestyle script
9 error split-json@1.6.3 codestyle: `jscs -p google lib/ test/`
9 error Exit status 2
10 error Failed at the split-json@1.6.3 codestyle script.
10 error This is most likely a problem with the split-json package,
10 error not with npm itself.
10 error Tell the author that this fails on your system:
10 error     jscs -p google lib/ test/
10 error You can get their info via:
10 error     npm owner ls split-json
10 error There is likely additional logging output above.
11 error System Darwin 13.4.0
12 error command "/usr/local/bin/node" "/usr/local/bin/npm" "run" "codestyle"
13 error cwd /Users/quim/Projects/opensource/split-json
14 error node -v v0.10.32
15 error npm -v 1.4.28
16 error code ELIFECYCLE
17 verbose exit [ 1, true ]
